<?xml version="1.0" encoding="UTF-8"?>
<!-- Generated by org.testng.reporters.JUnitXMLReporter -->
<testsuite hostname="CHEN-SIMBU" ignored="0" name="RCM_Audio_Payloads_Test" tests="6" failures="0" timestamp="27 May 2019 12:41:01 GMT" time="2.821" errors="0">
  <testcase name="Send_Audio" time="0.471" classname="rcmAudioPayloads.Audio_aac"/>
  <testcase name="Send_Audio" time="0.182" classname="rcmAudioPayloads.Audio_acc"/>
  <testcase name="Send_Audio" time="0.087" classname="rcmAudioPayloads.Audio_amr"/>
  <testcase name="Send_Audio" time="1.302" classname="rcmAudioPayloads.Audio_m4a"/>
  <testcase name="Send_Audio" time="0.233" classname="rcmAudioPayloads.Audio_mp3"/>
  <testcase name="Send_Audio" time="0.526" classname="rcmAudioPayloads.Audio_opus"/>
</testsuite> <!-- RCM_Audio_Payloads_Test -->
