<?xml version="1.0" encoding="UTF-8"?>
<!-- Generated by org.testng.reporters.JUnitXMLReporter -->
<testsuite hostname="CHEN-SIMBU" ignored="0" name="RCM_Document_Payloads_Test" tests="4" failures="0" timestamp="27 May 2019 12:40:59 GMT" time="0.269" errors="0">
  <testcase name="Send_Document" time="0.072" classname="rcmDoccumnetPayloads.Document_docs"/>
  <testcase name="Send_Document" time="0.068" classname="rcmDoccumnetPayloads.Document_Pdf"/>
  <testcase name="Send_Document" time="0.068" classname="rcmDoccumnetPayloads.Document_ppt"/>
  <testcase name="Send_Document" time="0.051" classname="rcmDoccumnetPayloads.Document_Xls"/>
</testsuite> <!-- RCM_Document_Payloads_Test -->
