<?xml version="1.0" encoding="UTF-8"?>
<!-- Generated by org.testng.reporters.JUnitXMLReporter -->
<testsuite hostname="CHEN-SIMBU" ignored="0" name="RCM_Audio_Payloads_Test" tests="6" failures="0" timestamp="29 May 2019 09:58:40 GMT" time="2.26" errors="0">
  <testcase name="send_audio_aac" time="0.579" classname="rcmAudioPayloads.Audio_aac"/>
  <testcase name="send_audio_acc" time="0.216" classname="rcmAudioPayloads.Audio_acc"/>
  <testcase name="send_audio_amr" time="0.095" classname="rcmAudioPayloads.Audio_amr"/>
  <testcase name="send_audio_m4a" time="0.419" classname="rcmAudioPayloads.Audio_m4a"/>
  <testcase name="send_audio_mp3" time="0.293" classname="rcmAudioPayloads.Audio_mp3"/>
  <testcase name="send_audio_opus" time="0.643" classname="rcmAudioPayloads.Audio_opus"/>
</testsuite> <!-- RCM_Audio_Payloads_Test -->
