<?xml version="1.0" encoding="UTF-8"?>
<!-- Generated by org.testng.reporters.JUnitXMLReporter -->
<testsuite hostname="CHEN-SIMBU" ignored="0" name="RCM_Document_Payloads_Test" tests="4" failures="0" timestamp="29 May 2019 06:59:17 GMT" time="0.268" errors="0">
  <testcase name="send_document_docs" time="0.059" classname="rcmDoccumnetPayloads.Document_docs"/>
  <testcase name="send_document_pdf" time="0.082" classname="rcmDoccumnetPayloads.Document_Pdf"/>
  <testcase name="send_document_ppt" time="0.066" classname="rcmDoccumnetPayloads.Document_ppt"/>
  <testcase name="send_document_xls" time="0.049" classname="rcmDoccumnetPayloads.Document_Xls"/>
</testsuite> <!-- RCM_Document_Payloads_Test -->
